/home/ciaran/horcy_va/install/wheel_control/lib/python3.10/site-packages/wheel_control/__init__.py
/home/ciaran/horcy_va/install/wheel_control/lib/python3.10/site-packages/wheel_control/controller.py
/home/ciaran/horcy_va/install/wheel_control/lib/python3.10/site-packages/wheel_control/HiwonderSDK/mecanum.py
/home/ciaran/horcy_va/install/wheel_control/lib/python3.10/site-packages/wheel_control/HiwonderSDK/__init__.py
/home/ciaran/horcy_va/install/wheel_control/lib/python3.10/site-packages/wheel_control/HiwonderSDK/Board.py
/home/ciaran/horcy_va/install/wheel_control/lib/python3.10/site-packages/wheel_control/__pycache__/__init__.cpython-310.pyc
/home/ciaran/horcy_va/install/wheel_control/lib/python3.10/site-packages/wheel_control/__pycache__/controller.cpython-310.pyc
/home/ciaran/horcy_va/install/wheel_control/lib/python3.10/site-packages/wheel_control/HiwonderSDK/__pycache__/mecanum.cpython-310.pyc
/home/ciaran/horcy_va/install/wheel_control/lib/python3.10/site-packages/wheel_control/HiwonderSDK/__pycache__/__init__.cpython-310.pyc
/home/ciaran/horcy_va/install/wheel_control/lib/python3.10/site-packages/wheel_control/HiwonderSDK/__pycache__/Board.cpython-310.pyc
/home/ciaran/horcy_va/install/wheel_control/share/ament_index/resource_index/packages/wheel_control
/home/ciaran/horcy_va/install/wheel_control/share/wheel_control/package.xml
/home/ciaran/horcy_va/install/wheel_control/lib/python3.10/site-packages/wheel_control-0.0.0-py3.10.egg-info/zip-safe
/home/ciaran/horcy_va/install/wheel_control/lib/python3.10/site-packages/wheel_control-0.0.0-py3.10.egg-info/requires.txt
/home/ciaran/horcy_va/install/wheel_control/lib/python3.10/site-packages/wheel_control-0.0.0-py3.10.egg-info/SOURCES.txt
/home/ciaran/horcy_va/install/wheel_control/lib/python3.10/site-packages/wheel_control-0.0.0-py3.10.egg-info/dependency_links.txt
/home/ciaran/horcy_va/install/wheel_control/lib/python3.10/site-packages/wheel_control-0.0.0-py3.10.egg-info/top_level.txt
/home/ciaran/horcy_va/install/wheel_control/lib/python3.10/site-packages/wheel_control-0.0.0-py3.10.egg-info/PKG-INFO
/home/ciaran/horcy_va/install/wheel_control/lib/python3.10/site-packages/wheel_control-0.0.0-py3.10.egg-info/entry_points.txt
/home/ciaran/horcy_va/install/wheel_control/lib/wheel_control/controller
